      Timing level               3
      Hessian Limited Memory
      LU Partial Pivoting
      Verify Level              -1
      Cold Start
      Iteration Limit         1000000
      Major Iterations Limit          100000
      Minor Iterations Limit          100000
      Major Optimality Tolerance  1.00000000E-06
      Major Feasibility Tolerance  2.00000000E-06
1
 
 Parameters
 ==========

 Files
 -----
 Solution file..........         0       Old basis file ........         0       Standard input.........         5
 Insert file............         0       New basis file ........         0       (Printer)..............         9
 Punch file.............         0       Backup basis file......         0       (Specs file)...........         0
 Load file..............         0       Dump file..............         0       Standard output........         6

 Frequencies
 -----------
 Print frequency........       100       Check frequency........        60       Save new basis map.....       100
 Summary frequency......       100       Factorization frequency        50       Expand frequency.......     10000

 QP subproblems
 --------------
 QPsolver Cholesky......
 Scale tolerance........      .900       Minor feasibility tol..  1.00E-06       Iteration limit........   1000000
 Scale option...........         0       Minor optimality  tol..  5.00E-07       Minor print level......         1
 Crash tolerance........      .100       Pivot tolerance........  3.25E-11       Partial price..........         1
 Crash option...........         3       Elastic weight.........  1.00E+04       Prtl price section ( A)       106
                                         New superbasics........        99       Prtl price section (-I)        85

 The SQP Method
 --------------
 Minimize...............                 Cold start.............                 Proximal Point method..         1
 Nonlinear objectiv vars       106       Objective Row..........         1       Function precision.....  3.00E-13
 Unbounded step size....  1.00E+20       Superbasics limit......       106       Difference interval....  5.48E-07
 Unbounded objective....  1.00E+15       Reduced Hessian dim....       106       Central difference int.  6.70E-05
 Major step limit.......  2.00E+00       Derivative linesearch..                 Derivative option......         1
 Major iterations limit.    100000       Linesearch tolerance...    .90000       Verify level...........        -1
 Minor iterations limit.    100000       Penalty parameter......  0.00E+00       Major Print Level......         1
                                         Major optimality tol...  1.00E-06

 Hessian Approximation
 ---------------------
 Limited-Memory Hessian.                 Hessian updates........        10       Hessian frequency......  99999999
                                                                                 Hessian flush..........  99999999

 Nonlinear constraints
 ---------------------
 Nonlinear constraints..        83       Major feasibility tol..  2.00E-06       Violation limit........  1.00E+06
 Nonlinear Jacobian vars       106

 Miscellaneous
 -------------
 LU factor tolerance....      3.99       LU singularity tol.....  3.25E-11       Timing level...........         3
 LU update tolerance....      3.99       LU swap tolerance......  1.22E-04       Debug level............         0
 LU partial  pivoting...                 eps (machine precision)  2.22E-16       System information.....        No
                                                                                 Sticky parameters......       Yes
1
 

 

 Matrix statistics
 -----------------
               Total      Normal        Free       Fixed     Bounded
 Rows             85           1           1          83           0
 Columns         106           0           0           5         101

 No. of matrix elements                 3792     Density      42.087
 Biggest  constant element        5.0000E+02  (excluding fixed columns,
 Smallest constant element        5.0000E+02   free rows, and RHS)

 No. of objective coefficients             0

 Nonlinear constraints      83     Linear constraints       2
 Nonlinear variables       106     Linear variables         0
 Jacobian  variables       106     Objective variables    106
 Total constraints          85     Total variables        106
1
 

 
 The user has defined    2296   out of    2296   first  derivatives
1
 

    Itn       QPmult  QPstep   nInf   SumInf   rgNorm    QPobjective   +SBS   -SBS    -BS    Pivot     L+U ncp    nS  condHz
    100      3.0E-01 1.0E+00                  1.0E-14  3.5379906E+02     85                           3751   3    18 2.0E+00
 

   Itns Major Minors    Step   nCon Feasible  Optimal  MeritFunction     L+U BSwap     nS  condHz Penalty
    100     0    100              1  2.2E-03  9.0E-04  3.5000000E+02    3751           18 2.0E+00         _  r
    101     1      1 3.9E-01      3  1.4E+01  1.5E-03  3.5442976E+02    3925     2     18 1.9E+00 4.1E+05 _n r
    102     2      1 1.0E+00      4  1.2E+00  6.9E-04  3.5891050E+02    3885           18 1.8E+00 1.4E+03 _s
    103     3      1 4.4E-01      6  1.9E+00  4.4E-03  3.5872474E+02    3885           18 2.3E+00 1.4E+02 _
    104     4      1 1.0E+00      7  1.9E+00  2.3E-04  3.5846842E+02    3885           18 2.6E+00 5.1E+01 _
    105     5      1 1.0E+00      8  2.3E-02  3.2E-04  3.5831691E+02    3885           18 4.2E+00 5.1E+01 _
    106     6      1 1.0E+00      9  5.9E-04  1.7E-04  3.5830035E+02    3885           18 4.3E+00 5.1E+01 _
    107     7      1 1.0E+00     10  1.1E-05  8.9E-05  3.5829459E+02    3885           18 7.3E+00 5.1E+01 _
    108     8      1 1.0E+00     11  2.0E-04  8.7E-05  3.5828998E+02    3885           18 1.4E+01 5.1E+01 _
    109     9      1 1.0E+00     12  1.3E-04  6.2E-05  3.5828575E+02    3885           18 2.7E+01 5.1E+01 _
    110    10      1 1.0E+00     13  1.4E-04  7.3E-05  3.5828053E+02    3885           18 4.4E+01 5.1E+01 _
    111    11      1 1.0E+00     14  9.2E-05  7.5E-05  3.5827547E+02    3866     2     18 5.2E+01 5.1E+01 _
    112    12      1 1.0E+00     15  3.1E-05  4.0E-05  3.5827235E+02    3866           18 4.8E+01 5.1E+01 _  R
    113    13      1 1.0E+00     16  9.7E-06  1.1E-05  3.5827143E+02    3866           18 4.9E+01 5.1E+01 _s
    114    14      1 1.0E+00     17  1.5E-05  3.8E-06  3.5827137E+02    3866           18 5.2E+01 5.1E+01 _
    115    15      1 1.0E+00     18 (2.0E-06) 3.2E-06  3.5827137E+02    3866           18 6.8E+01 5.1E+01 _
    116    16      1 1.0E+00     19 (2.1E-07)(9.0E-07) 3.5827137E+02    3866           18 7.1E+01 5.1E+01 _
1
 
 SNOPTA EXIT   0 -- finished successfully
 SNOPTA INFO   1 -- optimality conditions satisfied

 Problem name
 No. of iterations                 116   Objective value      3.5827136894E+02
 No. of major iterations            16   Linear objective     0.0000000000E+00
 Penalty parameter           5.057E+01   Nonlinear objective  3.5827136894E+02
 No. of calls to funobj             19   No. of calls to funcon             19
 No. of superbasics                 18   No. of basic nonlinears            83
 No. of degenerate steps             1   Percentage                        .86
 Max x                     105 5.0E-01   Max pi                     51 2.8E+03
 Max Primal infeas           0 0.0E+00   Max Dual infeas           104 4.2E-03
 Nonlinear constraint violn    3.0E-07
1
 
 Name                                    Objective Value      3.5827136894E+02

 Status         Optimal Soln             Iteration    116    Superbasics    18

 Objective               (Min)
 RHS
 Ranges
 Bounds

 Section 1 - Rows

  Number  ...Row.. State  ...Activity...  Slack Activity  ..Lower Limit.  ..Upper Limit.  .Dual Activity    ..i
 
     107  r      1    BS          .               .                None            None         -1.0          1
     108  r      2    EQ          .00000          .00000          .               .             17.89656      2
     109  r      3    EQ          .00000          .00000          .               .            107.70342      3
     110  r      4    EQ          .               .               .               .            183.12796      4
     111  r      5    EQ          .00000          .00000          .               .            240.96858      5
     112  r      6    EQ          .00000          .00000          .               .            275.72985      6
     113  r      7    EQ          .00000          .00000          .               .            284.10271      7
     114  r      8    EQ          .00000          .00000          .               .            265.32898      8
     115  r      9    EQ          .00000          .00000          .               .            221.29606      9
     116  r     10    EQ          .00000          .00000          .               .            156.37315     10
     117  r     11    EQ          .00000          .00000          .               .             76.99866     11
     118  r     12    EQ          .00000          .00000          .               .             -8.94950     12
     119  r     13    EQ          .00000          .00000          .               .            -92.94440     13
     120  r     14    EQ          .00000          .00000          .               .           -166.68174     14
     121  r     15    EQ          .00000          .00000          .               .           -222.93586     15
     122  r     16    EQ          .00000          .00000          .               .           -256.29817     16
     123  r     17    EQ          .00000          .00000          .               .           -263.70807     17
     124  r     18    EQ          .00000          .00000          .               .           -244.71682     18
     125  r     19    EQ          .00000          .00000          .               .           -201.46753     19
     126  r     20    EQ          .00000          .00000          .               .           -138.42217     20
     127  r     21    EQ          .00000          .00000          .               .            -61.97857     21
     128  r     22    EQ          .00000          .00000          .               .            -52.91308     22
     129  r     23    EQ          .00000          .00000          .               .           -324.62848     23
     130  r     24    EQ          .00000          .00000          .               .           -577.97968     24
     131  r     25    EQ          .00000          .00000          .               .           -819.53216     25
     132  r     26    EQ          .00000          .00000          .               .          -1043.83168     26
     133  r     27    EQ          .00000          .00000          .               .          -1245.09239     27
     134  r     28    EQ          .00000          .00000          .               .          -1417.47712     28
     135  r     29    EQ          .00000          .00000          .               .          -1555.42278     29
     136  r     30    EQ          .00000          .00000          .               .          -1654.04880     30
     137  r     31    EQ          .00000          .00000          .               .          -1709.59353     31
     138  r     32    EQ          .00000          .00000          .               .          -1719.80628     32
     139  r     33    EQ          .00000          .00000          .               .          -1684.22194     33
     140  r     34    EQ          .00000          .00000          .               .          -1604.25819     34
     141  r     35    EQ          .00000          .00000          .               .          -1483.10313     35
     142  r     36    EQ          .00000          .00000          .               .          -1325.40017     36
     143  r     37    EQ          .00000          .00000          .               .          -1136.78078     37
     144  r     38    EQ          .               .               .               .           -923.33281     38
     145  r     39    EQ          .00000          .00000          .               .           -691.11234     39
     146  r     40    EQ          .               .               .               .           -445.81069     40
     147  r     41    EQ          .00000          .00000          .               .           -192.90480     41
     148  r     42    EQ          .00000          .00000          .               .            -86.63325     42
     149  r     43    EQ          .00000          .00000          .               .           -531.15858     43
     150  r     44    EQ          .00000          .00000          .               .           -944.30302     44
     151  r     45    EQ          .00000          .00000          .               .          -1336.10454     45
     152  r     46    EQ          .00000          .00000          .               .          -1697.43129     46
     153  r     47    EQ          .00000          .00000          .               .          -2019.20431     47
     154  r     48    EQ          .00000          .00000          .               .          -2292.81914     48
     155  r     49    EQ          .00000          .00000          .               .          -2510.52146     49
     156  r     50    EQ          .00000          .00000          .               .          -2665.82192     50
     157  r     51    EQ          .00000          .00000          .               .          -2753.90201     51
     158  r     52    EQ          .00000          .00000          .               .          -2771.94900     52
     159  r     53    EQ          .00000          .00000          .               .          -2719.36407     53
     160  r     54    EQ          .00000          .00000          .               .          -2597.80782     54
     161  r     55    EQ          .00000          .00000          .               .          -2411.07508     55
     162  r     56    EQ          .00000          .00000          .               .          -2164.82150     56
     163  r     57    EQ          .00000          .00000          .               .          -1866.18951     57
     164  r     58    EQ          .00000          .00000          .               .          -1523.39663     58
     165  r     59    EQ          .00000          .00000          .               .          -1145.35121     59
     166  r     60    EQ          .00000          .00000          .               .           -741.36789     60
     167  r     61    EQ          .00000          .00000          .               .           -321.45101     61
     168  r     62    EQ          .00000          .00000          .               .              9.63996     62
     169  r     63    EQ          .00000          .00000          .               .             60.12739     63
     170  r     64    EQ          .00000          .00000          .               .            111.13783     64
     171  r     65    EQ          .00000          .00000          .               .            166.53074     65
     172  r     66    EQ          .00000          .00000          .               .            227.26495     66
     173  r     67    EQ          .00000          .00000          .               .            293.26528     67
     174  r     68    EQ          .00000          .00000          .               .            363.28204     68
     175  r     69    EQ          .00000          .00000          .               .            434.85743     69
     176  r     70    EQ          .00000          .00000          .               .            504.43127     70
     177  r     71    EQ          .00000          .00000          .               .            567.59042     71
     178  r     72    EQ          .00000          .00000          .               .            619.44627     72
     179  r     73    EQ          .00000          .00000          .               .            655.10385     73
     180  r     74    EQ          .00000          .00000          .               .            670.16916     74
     181  r     75    EQ          .00000          .00000          .               .            661.23234     75
     182  r     76    EQ          .00000          .00000          .               .            626.26582     76
     183  r     77    EQ          .00000          .00000          .               .            564.88962     77
     184  r     78    EQ          .00000          .00000          .               .            478.47715     78
     185  r     79    EQ          .00000          .00000          .               .            370.09936     79
     186  r     80    EQ          .00000          .00000          .               .            244.33306     80
     187  r     81    EQ          .00000          .00000          .               .            107.11166     81
     188  r     82 A  EQ   7194999.99967          .00000   7194999.99966   7194999.99966          .00008     82
     189  r     83    EQ      7440.59074          .00000      7440.59074      7440.59074          .13072     83
     190  r     84    EQ          .00000          .00000          .               .              -.00320     84
     191  r     85    BS       358.27137       358.27137          .                None           .          85
1
 
 Section 2 - Columns

  Number  .Column. State  ...Activity...  .Obj Gradient.  ..Lower Limit.  ..Upper Limit.  Reduced Gradnt    m+j
 
       1  x      1    EQ          .               .               .               .           3579.31174     86
       2  x      2    BS          .00013          .              -.50000          .50000          .00000     87
       3  x      3    BS          .00044          .              -.50000          .50000          .00000     88
       4  x      4    BS          .00091          .              -.50000          .50000         -.00001     89
       5  x      5    BS          .00155          .              -.50000          .50000          .00000     90
       6  x      6    BS          .00233          .              -.50000          .50000          .00000     91
       7  x      7    BS          .00325          .              -.50000          .50000          .00000     92
       8  x      8    BS          .00430          .              -.50000          .50000          .00000     93
       9  x      9    BS          .00543          .              -.50000          .50000          .00000     94
      10  x     10    BS          .00665          .              -.50000          .50000          .00001     95
      11  x     11    BS          .00790          .              -.50000          .50000          .00001     96
      12  x     12    BS          .00917          .              -.50000          .50000          .00000     97
      13  x     13    BS          .01043          .              -.50000          .50000          .00000     98
      14  x     14    BS          .01163          .              -.50000          .50000         -.00001     99
      15  x     15    BS          .01275          .              -.50000          .50000          .00000    100
      16  x     16    BS          .01375          .              -.50000          .50000          .00000    101
      17  x     17    BS          .01461          .              -.50000          .50000          .00000    102
      18  x     18    BS          .01529          .              -.50000          .50000          .00000    103
      19  x     19    BS          .01578          .              -.50000          .50000          .00000    104
      20  x     20    BS          .01605          .              -.50000          .50000          .00000    105
      21  x     21    BS          .01612          .              -.50000          .50000          .00003    106
      22  x     22    EQ          .05061          .               .05061          .05061    -10582.61686    107
      23  x     23    BS          .05063          .              -.50000          .50000          .00000    108
      24  x     24    BS          .05067          .              -.50000          .50000          .00000    109
      25  x     25    BS          .05073          .              -.50000          .50000          .00000    110
      26  x     26    BS          .05079          .              -.50000          .50000          .00000    111
      27  x     27    BS          .05085          .              -.50000          .50000          .00000    112
      28  x     28    BS          .05090          .              -.50000          .50000          .00000    113
      29  x     29    BS          .05091          .              -.50000          .50000          .00000    114
      30  x     30    BS          .05088          .              -.50000          .50000          .00000    115
      31  x     31    BS          .05080          .              -.50000          .50000          .00000    116
      32  x     32    BS          .05068          .              -.50000          .50000          .00000    117
      33  x     33    BS          .05051          .              -.50000          .50000          .00000    118
      34  x     34    BS          .05029          .              -.50000          .50000          .00000    119
      35  x     35    BS          .05004          .              -.50000          .50000          .00000    120
      36  x     36    BS          .04978          .              -.50000          .50000          .00000    121
      37  x     37    BS          .04952          .              -.50000          .50000          .00000    122
      38  x     38    BS          .04927          .              -.50000          .50000          .00000    123
      39  x     39    BS          .04907          .              -.50000          .50000          .00000    124
      40  x     40    BS          .04891          .              -.50000          .50000          .00000    125
      41  x     41    BS          .04882          .              -.50000          .50000          .00000    126
      42  x     42    BS          .04880          .              -.50000          .50000         -.00001    127
      43  x     43    EQ          .03982          .               .03982          .03982    -17326.65016    128
      44  x     44    BS          .03992          .              -.50000          .50000          .00000    129
      45  x     45    BS          .04013          .              -.50000          .50000          .00000    130
      46  x     46    BS          .04047          .              -.50000          .50000          .00000    131
      47  x     47    BS          .04092          .              -.50000          .50000          .00000    132
      48  x     48    BS          .04146          .              -.50000          .50000          .00000    133
      49  x     49    BS          .04209          .              -.50000          .50000          .00000    134
      50  x     50    BS          .04278          .              -.50000          .50000          .00000    135
      51  x     51    BS          .04353          .              -.50000          .50000          .00000    136
      52  x     52    BS          .04432          .              -.50000          .50000          .00000    137
      53  x     53    BS          .04512          .              -.50000          .50000          .00000    138
      54  x     54    BS          .04594          .              -.50000          .50000          .00000    139
      55  x     55    BS          .04674          .              -.50000          .50000          .00000    140
      56  x     56    BS          .04751          .              -.50000          .50000          .00000    141
      57  x     57    BS          .04823          .              -.50000          .50000          .00000    142
      58  x     58    BS          .04888          .              -.50000          .50000          .00000    143
      59  x     59    BS          .04945          .              -.50000          .50000          .00000    144
      60  x     60    BS          .04990          .              -.50000          .50000          .00000    145
      61  x     61    BS          .05023          .              -.50000          .50000          .00000    146
      62  x     62    BS          .05042          .              -.50000          .50000          .00000    147
      63  x     63    BS          .05047          .              -.50000          .50000         -.00002    148
      64  x     64    EQ          .00602          .               .00602          .00602      1927.99293    149
      65  x     65    BS          .00583          .              -.50000          .50000          .00000    150
      66  x     66    BS          .00537          .              -.50000          .50000          .00000    151
      67  x     67    BS          .00466          .              -.50000          .50000          .00000    152
      68  x     68    BS          .00372          .              -.50000          .50000          .00001    153
      69  x     69    BS          .00257          .              -.50000          .50000          .00001    154
      70  x     70    BS          .00123          .              -.50000          .50000          .00001    155
      71  x     71    BS         -.00026          .              -.50000          .50000          .00001    156
      72  x     72    BS         -.00188          .              -.50000          .50000          .00001    157
      73  x     73    BS         -.00359          .              -.50000          .50000          .00001    158
      74  x     74    BS         -.00534          .              -.50000          .50000          .00000    159
      75  x     75    BS         -.00711          .              -.50000          .50000          .00000    160
      76  x     76    BS         -.00884          .              -.50000          .50000          .00000    161
      77  x     77    BS         -.01050          .              -.50000          .50000          .00000    162
      78  x     78    BS         -.01204          .              -.50000          .50000          .00001    163
      79  x     79    BS         -.01342          .              -.50000          .50000          .00000    164
      80  x     80    BS         -.01459          .              -.50000          .50000          .00001    165
      81  x     81    BS         -.01553          .              -.50000          .50000          .00000    166
      82  x     82    BS         -.01620          .              -.50000          .50000          .00000    167
      83  x     83    BS         -.01658          .              -.50000          .50000          .00000    168
      84  x     84    BS         -.01667          .              -.50000          .50000         -.00005    169
      85  x     85   SBS         -.03527          .              -.50000          .50000          .00000    170
      86  x     86   SBS         -.03587          .              -.50000          .50000          .00028    171
      87  x     87   SBS         -.03729          .              -.50000          .50000          .00013    172
      88  x     88   SBS         -.03947          .              -.50000          .50000          .00035    173
      89  x     89   SBS         -.04237          .              -.50000          .50000          .00006    174
      90  x     90   SBS         -.04591          .              -.50000          .50000          .00037    175
      91  x     91   SBS         -.05002          .              -.50000          .50000          .00050    176
      92  x     92    BS         -.05460          .              -.50000          .50000         -.00027    177
      93  x     93   SBS         -.05953          .              -.50000          .50000         -.00024    178
      94  x     94   SBS         -.06470          .              -.50000          .50000         -.00088    179
      95  x     95   SBS         -.06999          .              -.50000          .50000         -.00189    180
      96  x     96   SBS         -.07524          .              -.50000          .50000          .00168    181
      97  x     97   SBS         -.08037          .              -.50000          .50000         -.00051    182
      98  x     98   SBS         -.08520          .              -.50000          .50000          .00011    183
      99  x     99   SBS         -.08964          .              -.50000          .50000          .00052    184
     100  x    100    BS         -.09356          .              -.50000          .50000          .00054    185
     101  x    101   SBS         -.09687          .              -.50000          .50000          .00074    186
     102  x    102   SBS         -.09948          .              -.50000          .50000          .00018    187
     103  x    103   SBS         -.10134          .              -.50000          .50000          .00013    188
     104  x    104 N SBS         -.10251          .              -.50000          .50000         -.00416    189
     105  x    105    EQ         -.50000          .              -.50000         -.50000       267.55422    190
     106  x    106    BS          .21654       500.00000         -.50000          .50000          .00001    191
 
 Time for MPS input                              .00 seconds
 Time for solving problem                        .00 seconds
 Time for solution output                        .00 seconds
 Time for constraint functions         ************* seconds
 Time for objective function                     .00 seconds
